Using pre-set license
Built from '2020.3/staging' branch; Version is '2020.3.19f1 (68f137dc9bbe) revision 6877495'; Using compiler version '192528614'; Build Type 'Release'
OS: 'Windows 10 Pro; OS build 19043.1165; Version 2009; 64bit' Language: 'en' Physical Memory: 32682 MB
BatchMode: 1, IsHumanControllingUs: 0, StartBugReporterOnCrash: 0, Is64bit: 1, IsPro: 0

COMMAND LINE ARGUMENTS:
N:\Code\Unity\Editors\2020.3.19f1\Editor\Unity.exe
-adb2
-batchMode
-noUpm
-name
AssetImportWorker0
-projectPath
D:/Code/Projects/Unity/Other/Test/Snake-Game
-logFile
Logs/AssetImportWorker0.log
-srvPort
56736
Successfully changed project path to: D:/Code/Projects/Unity/Other/Test/Snake-Game
D:/Code/Projects/Unity/Other/Test/Snake-Game
Using Asset Import Pipeline V2.
Refreshing native plugins compatible for Editor in 25.02 ms, found 2 plugins.
Preloading 0 native plugins for Editor in 0.00 ms.
Initialize engine version: 2020.3.19f1 (68f137dc9bbe)
[Subsystems] Discovering subsystems at path N:/Code/Unity/Editors/2020.3.19f1/Editor/Data/Resources/UnitySubsystems
[Subsystems] Discovering subsystems at path D:/Code/Projects/Unity/Other/Test/Snake-Game/Assets
GfxDevice: creating device client; threaded=0
Direct3D:
    Version:  Direct3D 11.0 [level 11.1]
    Renderer: NVIDIA GeForce RTX 2060 (ID=0x1f08)
    Vendor:   
    VRAM:     5980 MB
    Driver:   30.0.14.7212
Initialize mono
Mono path[0] = 'N:/Code/Unity/Editors/2020.3.19f1/Editor/Data/Managed'
Mono path[1] = 'N:/Code/Unity/Editors/2020.3.19f1/Editor/Data/MonoBleedingEdge/lib/mono/unityjit'
Mono config path = 'N:/Code/Unity/Editors/2020.3.19f1/Editor/Data/MonoBleedingEdge/etc'
Using monoOptions --debugger-agent=transport=dt_socket,embedding=1,server=y,suspend=n,address=127.0.0.1:56900
Begin MonoManager ReloadAssembly
Registering precompiled unity dll's ...
Register platform support module: N:/Code/Unity/Editors/2020.3.19f1/Editor/Data/PlaybackEngines/WindowsStandaloneSupport/UnityEditor.WindowsStandalone.Extensions.dll
Registered in 0.000914 seconds.
Native extension for WindowsStandalone target not found
Refreshing native plugins compatible for Editor in 25.93 ms, found 2 plugins.
Preloading 0 native plugins for Editor in 0.00 ms.
Mono: successfully reloaded assembly
- Completed reload, in  0.898 seconds
Domain Reload Profiling:
	ReloadAssembly (898ms)
		BeginReloadAssembly (46ms)
			ExecutionOrderSort (0ms)
			DisableScriptedObjects (0ms)
			BackupInstance (0ms)
			ReleaseScriptingObjects (0ms)
			CreateAndSetChildDomain (1ms)
		EndReloadAssembly (385ms)
			LoadAssemblies (45ms)
			RebuildTransferFunctionScriptingTraits (0ms)
			SetupTypeCache (144ms)
			ReleaseScriptCaches (0ms)
			RebuildScriptCaches (33ms)
			SetupLoadedEditorAssemblies (145ms)
				LogAssemblyErrors (0ms)
				InitializePlatformSupportModulesInManaged (3ms)
				SetLoadedEditorAssemblies (0ms)
				RefreshPlugins (26ms)
				BeforeProcessingInitializeOnLoad (15ms)
				ProcessInitializeOnLoadAttributes (73ms)
				ProcessInitializeOnLoadMethodAttributes (26ms)
				AfterProcessingInitializeOnLoad (0ms)
				EditorAssembliesLoaded (0ms)
			ExecutionOrderSort2 (0ms)
			AwakeInstancesAfterBackupRestoration (0ms)
Platform modules already initialized, skipping
Registering precompiled user dll's ...
Registered in 0.002168 seconds.
Begin MonoManager ReloadAssembly
Native extension for WindowsStandalone target not found
Refreshing native plugins compatible for Editor in 0.28 ms, found 2 plugins.
Preloading 0 native plugins for Editor in 0.00 ms.
Mono: successfully reloaded assembly
- Completed reload, in  0.894 seconds
Domain Reload Profiling:
	ReloadAssembly (895ms)
		BeginReloadAssembly (128ms)
			ExecutionOrderSort (0ms)
			DisableScriptedObjects (4ms)
			BackupInstance (0ms)
			ReleaseScriptingObjects (0ms)
			CreateAndSetChildDomain (17ms)
		EndReloadAssembly (715ms)
			LoadAssemblies (74ms)
			RebuildTransferFunctionScriptingTraits (0ms)
			SetupTypeCache (236ms)
			ReleaseScriptCaches (0ms)
			RebuildScriptCaches (43ms)
			SetupLoadedEditorAssemblies (277ms)
				LogAssemblyErrors (0ms)
				InitializePlatformSupportModulesInManaged (5ms)
				SetLoadedEditorAssemblies (0ms)
				RefreshPlugins (0ms)
				BeforeProcessingInitializeOnLoad (68ms)
				ProcessInitializeOnLoadAttributes (197ms)
				ProcessInitializeOnLoadMethodAttributes (4ms)
				AfterProcessingInitializeOnLoad (2ms)
				EditorAssembliesLoaded (0ms)
			ExecutionOrderSort2 (0ms)
			AwakeInstancesAfterBackupRestoration (6ms)
Platform modules already initialized, skipping
========================================================================
Worker process is ready to serve import requests
Launched and connected shader compiler UnityShaderCompiler.exe after 0.06 seconds
Refreshing native plugins compatible for Editor in 0.27 ms, found 2 plugins.
Preloading 0 native plugins for Editor in 0.00 ms.
Unloading 1397 Unused Serialized files (Serialized files now loaded: 0)
System memory in use before: 64.8 MB.
System memory in use after: 64.9 MB.

Unloading 16 unused Assets to reduce memory usage. Loaded Objects now: 1832.
Total: 2.516800 ms (FindLiveObjects: 0.194000 ms CreateObjectMapping: 0.080300 ms MarkObjects: 2.184600 ms  DeleteObjects: 0.056600 ms)

AssetImportParameters requested are different than current active one (requested -> active):
  custom:framework-win-MediaFoundation: 216162199b28c13a410421893ffa2e32 -> 
  custom:video-decoder-ogg-theora: a1e56fd34408186e4bbccfd4996cb3dc -> 
  custom:container-muxer-webm: aa71ff27fc2769a1b78a27578f13a17b -> 
  custom:container-demuxer-webm: 4f35f7cbe854078d1ac9338744f61a02 -> 
  custom:container-demuxer-ogg: 62fdf1f143b41e24485cea50d1cbac27 -> 
  custom:video-encoder-webm-vp8: eb34c28f22e8b96e1ab97ce403110664 -> 
  custom:video-decoder-webm-vp8: 9c59270c3fd7afecdb556c50c9e8de78 -> 
  custom:audio-decoder-ogg-vorbis: bf7c407c2cedff20999df2af8eb42d56 -> 
  custom:audio-encoder-webm-vorbis: bf7c407c2cedff20999df2af8eb42d56 -> 
========================================================================
Received Import Request.
  path: Assets/Scenes/SampleScene.unity
  artifactKey: Guid(9fc0d4010bbf28b4594072e72b8655ab) Importer(815301076,1909f56bfc062723c751e8b465ee728b)
Start importing Assets/Scenes/SampleScene.unity using Guid(9fc0d4010bbf28b4594072e72b8655ab) Importer(815301076,1909f56bfc062723c751e8b465ee728b)  -> (artifact id: '85059f4f9e1a832ed95adaa0d25c5c4c') in 0.028462 seconds 
  Import took 0.030411 seconds .

========================================================================
Received Prepare
Registering precompiled user dll's ...
Registered in 0.009926 seconds.
Begin MonoManager ReloadAssembly
Native extension for WindowsStandalone target not found
Refreshing native plugins compatible for Editor in 0.45 ms, found 3 plugins.
Preloading 0 native plugins for Editor in 0.00 ms.
[ScriptCompilation] NOT recompiling all scripts because this is an import worker process. Reason to compile was: Define symbols changed
Mono: successfully reloaded assembly
- Completed reload, in  0.846 seconds
Domain Reload Profiling:
	ReloadAssembly (847ms)
		BeginReloadAssembly (97ms)
			ExecutionOrderSort (0ms)
			DisableScriptedObjects (5ms)
			BackupInstance (0ms)
			ReleaseScriptingObjects (0ms)
			CreateAndSetChildDomain (33ms)
		EndReloadAssembly (700ms)
			LoadAssemblies (74ms)
			RebuildTransferFunctionScriptingTraits (0ms)
			SetupTypeCache (237ms)
			ReleaseScriptCaches (1ms)
			RebuildScriptCaches (39ms)
			SetupLoadedEditorAssemblies (262ms)
				LogAssemblyErrors (0ms)
				InitializePlatformSupportModulesInManaged (5ms)
				SetLoadedEditorAssemblies (0ms)
				RefreshPlugins (0ms)
				BeforeProcessingInitializeOnLoad (65ms)
				ProcessInitializeOnLoadAttributes (186ms)
				ProcessInitializeOnLoadMethodAttributes (4ms)
				AfterProcessingInitializeOnLoad (2ms)
				EditorAssembliesLoaded (0ms)
			ExecutionOrderSort2 (0ms)
			AwakeInstancesAfterBackupRestoration (6ms)
Platform modules already initialized, skipping
Refreshing native plugins compatible for Editor in 0.45 ms, found 3 plugins.
Preloading 0 native plugins for Editor in 0.00 ms.
Unloading 1839 Unused Serialized files (Serialized files now loaded: 0)
System memory in use before: 79.9 MB.
System memory in use after: 78.8 MB.

Unloading 38 unused Assets to reduce memory usage. Loaded Objects now: 2255.
Total: 3.429000 ms (FindLiveObjects: 0.185600 ms CreateObjectMapping: 0.067100 ms MarkObjects: 2.541900 ms  DeleteObjects: 0.633200 ms)

AssetImportParameters requested are different than current active one (requested -> active):
  custom:framework-win-MediaFoundation: 216162199b28c13a410421893ffa2e32 -> 
  custom:video-decoder-ogg-theora: a1e56fd34408186e4bbccfd4996cb3dc -> 
  custom:container-muxer-webm: aa71ff27fc2769a1b78a27578f13a17b -> 
  custom:container-demuxer-webm: 4f35f7cbe854078d1ac9338744f61a02 -> 
  custom:container-demuxer-ogg: 62fdf1f143b41e24485cea50d1cbac27 -> 
  custom:video-encoder-webm-vp8: eb34c28f22e8b96e1ab97ce403110664 -> 
  custom:video-decoder-webm-vp8: 9c59270c3fd7afecdb556c50c9e8de78 -> 
  custom:audio-decoder-ogg-vorbis: bf7c407c2cedff20999df2af8eb42d56 -> 
  custom:audio-encoder-webm-vorbis: bf7c407c2cedff20999df2af8eb42d56 -> 
========================================================================
Received Import Request.
  Time since last request: 227.872488 seconds.
  path: Assets
  artifactKey: Guid(00000000000000001000000000000000) Importer(815301076,1909f56bfc062723c751e8b465ee728b)
Start importing Assets using Guid(00000000000000001000000000000000) Importer(815301076,1909f56bfc062723c751e8b465ee728b)  -> (artifact id: '42d402b061de3733987d63b9cc3b64de') in 0.009919 seconds 
  Import took 0.012471 seconds .

========================================================================
Received Import Request.
  Time since last request: 15.011243 seconds.
  path: Assets/External
  artifactKey: Guid(d3a0d3729bcd4ac45b70346926fd9dcd) Importer(815301076,1909f56bfc062723c751e8b465ee728b)
Start importing Assets/External using Guid(d3a0d3729bcd4ac45b70346926fd9dcd) Importer(815301076,1909f56bfc062723c751e8b465ee728b)  -> (artifact id: 'e03b5225defd12801af2c272a85893d3') in 0.006275 seconds 
  Import took 0.008748 seconds .

========================================================================
Received Import Request.
  Time since last request: 2.387104 seconds.
  path: Assets/_External
  artifactKey: Guid(d3a0d3729bcd4ac45b70346926fd9dcd) Importer(815301076,1909f56bfc062723c751e8b465ee728b)
Start importing Assets/_External using Guid(d3a0d3729bcd4ac45b70346926fd9dcd) Importer(815301076,1909f56bfc062723c751e8b465ee728b)  -> (artifact id: '1b704f8c4aa28eef3cc034cfbf8c1b5e') in 0.006125 seconds 
  Import took 0.008625 seconds .

========================================================================
Received Import Request.
  Time since last request: 2.762889 seconds.
  path: Assets/Obi
  artifactKey: Guid(38418c2976e5eea4184a37eb58030c77) Importer(815301076,1909f56bfc062723c751e8b465ee728b)
Start importing Assets/Obi using Guid(38418c2976e5eea4184a37eb58030c77) Importer(815301076,1909f56bfc062723c751e8b465ee728b)  -> (artifact id: '3296cf61c402aeefdffa574c30279bfd') in 0.007588 seconds 
  Import took 0.010071 seconds .

========================================================================
Received Prepare
Registering precompiled user dll's ...
Registered in 0.002395 seconds.
Begin MonoManager ReloadAssembly
Native extension for WindowsStandalone target not found
Refreshing native plugins compatible for Editor in 0.45 ms, found 3 plugins.
Preloading 0 native plugins for Editor in 0.00 ms.
[ScriptCompilation] NOT recompiling all scripts because this is an import worker process. Reason to compile was: Define symbols changed
Mono: successfully reloaded assembly
- Completed reload, in  0.866 seconds
Domain Reload Profiling:
	ReloadAssembly (866ms)
		BeginReloadAssembly (102ms)
			ExecutionOrderSort (0ms)
			DisableScriptedObjects (5ms)
			BackupInstance (0ms)
			ReleaseScriptingObjects (0ms)
			CreateAndSetChildDomain (29ms)
		EndReloadAssembly (709ms)
			LoadAssemblies (81ms)
			RebuildTransferFunctionScriptingTraits (0ms)
			SetupTypeCache (244ms)
			ReleaseScriptCaches (1ms)
			RebuildScriptCaches (40ms)
			SetupLoadedEditorAssemblies (267ms)
				LogAssemblyErrors (0ms)
				InitializePlatformSupportModulesInManaged (5ms)
				SetLoadedEditorAssemblies (0ms)
				RefreshPlugins (1ms)
				BeforeProcessingInitializeOnLoad (64ms)
				ProcessInitializeOnLoadAttributes (191ms)
				ProcessInitializeOnLoadMethodAttributes (4ms)
				AfterProcessingInitializeOnLoad (2ms)
				EditorAssembliesLoaded (0ms)
			ExecutionOrderSort2 (0ms)
			AwakeInstancesAfterBackupRestoration (6ms)
Platform modules already initialized, skipping
Refreshing native plugins compatible for Editor in 0.45 ms, found 3 plugins.
Preloading 0 native plugins for Editor in 0.00 ms.
Unloading 1838 Unused Serialized files (Serialized files now loaded: 0)
System memory in use before: 79.7 MB.
System memory in use after: 78.6 MB.

Unloading 38 unused Assets to reduce memory usage. Loaded Objects now: 2257.
Total: 3.521600 ms (FindLiveObjects: 0.173400 ms CreateObjectMapping: 0.053500 ms MarkObjects: 2.591100 ms  DeleteObjects: 0.702400 ms)

AssetImportParameters requested are different than current active one (requested -> active):
  custom:framework-win-MediaFoundation: 216162199b28c13a410421893ffa2e32 -> 
  custom:video-decoder-ogg-theora: a1e56fd34408186e4bbccfd4996cb3dc -> 
  custom:container-muxer-webm: aa71ff27fc2769a1b78a27578f13a17b -> 
  custom:container-demuxer-webm: 4f35f7cbe854078d1ac9338744f61a02 -> 
  custom:container-demuxer-ogg: 62fdf1f143b41e24485cea50d1cbac27 -> 
  custom:video-encoder-webm-vp8: eb34c28f22e8b96e1ab97ce403110664 -> 
  custom:video-decoder-webm-vp8: 9c59270c3fd7afecdb556c50c9e8de78 -> 
  custom:audio-decoder-ogg-vorbis: bf7c407c2cedff20999df2af8eb42d56 -> 
  custom:audio-encoder-webm-vorbis: bf7c407c2cedff20999df2af8eb42d56 -> 
========================================================================
Received Import Request.
  Time since last request: 8.145762 seconds.
  path: Assets/_External/Obi/Samples
  artifactKey: Guid(3a2242974391642bcb80ee2090380780) Importer(815301076,1909f56bfc062723c751e8b465ee728b)
Start importing Assets/_External/Obi/Samples using Guid(3a2242974391642bcb80ee2090380780) Importer(815301076,1909f56bfc062723c751e8b465ee728b)  -> (artifact id: '650296a5c3b7a2a44b8c671d24b6a71a') in 0.008868 seconds 
  Import took 0.011403 seconds .

========================================================================
Received Import Request.
  Time since last request: 3.062541 seconds.
  path: Assets/_External/Obi/Samples/RopeAndRod
  artifactKey: Guid(d590e90abb60549c5982d874c4264501) Importer(815301076,1909f56bfc062723c751e8b465ee728b)
Start importing Assets/_External/Obi/Samples/RopeAndRod using Guid(d590e90abb60549c5982d874c4264501) Importer(815301076,1909f56bfc062723c751e8b465ee728b)  -> (artifact id: '7e4476d25d8fcd4e34a11ec0ff2a199a') in 0.005336 seconds 
  Import took 0.007868 seconds .

========================================================================
Received Import Request.
  Time since last request: 2.204285 seconds.
  path: Assets/_External/Obi/Samples/RopeAndRod/SampleResources
  artifactKey: Guid(eac720611ce5c4119b1d9db820e46445) Importer(815301076,1909f56bfc062723c751e8b465ee728b)
Start importing Assets/_External/Obi/Samples/RopeAndRod/SampleResources using Guid(eac720611ce5c4119b1d9db820e46445) Importer(815301076,1909f56bfc062723c751e8b465ee728b)  -> (artifact id: '81a954b942fa56bfded163db7e3faedf') in 0.005347 seconds 
  Import took 0.007808 seconds .

========================================================================
Received Import Request.
  Time since last request: 0.821425 seconds.
  path: Assets/_External/Obi/Samples/RopeAndRod/SampleResources/Blueprints
  artifactKey: Guid(37c631910c18f4ddea83b72d2e0a026a) Importer(815301076,1909f56bfc062723c751e8b465ee728b)
Start importing Assets/_External/Obi/Samples/RopeAndRod/SampleResources/Blueprints using Guid(37c631910c18f4ddea83b72d2e0a026a) Importer(815301076,1909f56bfc062723c751e8b465ee728b)  -> (artifact id: 'c8def2fbfefe6924ad90ec214373650b') in 0.006998 seconds 
  Import took 0.009453 seconds .

========================================================================
Received Import Request.
  Time since last request: 25.304199 seconds.
  path: Assets/_External/Obi/Resources
  artifactKey: Guid(6217e7f6fe8104bbca06fe7ac150a57d) Importer(815301076,1909f56bfc062723c751e8b465ee728b)
Start importing Assets/_External/Obi/Resources using Guid(6217e7f6fe8104bbca06fe7ac150a57d) Importer(815301076,1909f56bfc062723c751e8b465ee728b)  -> (artifact id: '9b38e03944ba84223e443348165d1fe8') in 0.006165 seconds 
  Import took 0.008776 seconds .

========================================================================
Received Import Request.
  Time since last request: 0.764369 seconds.
  path: Assets/_External/Obi/Resources/ObiMaterials
  artifactKey: Guid(40f10b6d47dcf4fe5a4851bad844fa57) Importer(815301076,1909f56bfc062723c751e8b465ee728b)
Start importing Assets/_External/Obi/Resources/ObiMaterials using Guid(40f10b6d47dcf4fe5a4851bad844fa57) Importer(815301076,1909f56bfc062723c751e8b465ee728b)  -> (artifact id: '969e4573783dd346f69382d7bd59b837') in 0.005276 seconds 
  Import took 0.007784 seconds .

========================================================================
Received Import Request.
  Time since last request: 1.071918 seconds.
  path: Assets/_External/Obi/Resources/ObiMaterials/URP
  artifactKey: Guid(7377795ea5bbd404ba97de2909380e01) Importer(815301076,1909f56bfc062723c751e8b465ee728b)
Start importing Assets/_External/Obi/Resources/ObiMaterials/URP using Guid(7377795ea5bbd404ba97de2909380e01) Importer(815301076,1909f56bfc062723c751e8b465ee728b)  -> (artifact id: '0f0e0000456e529d921de4a5dc4a7e23') in 0.005423 seconds 
  Import took 0.007883 seconds .

========================================================================
Received Import Request.
  Time since last request: 68.396512 seconds.
  path: Assets/_External/Obi/Samples/RopeAndRod/SampleResources/Prefabs
  artifactKey: Guid(6d65e63468c2542c684d7e441b40f6c8) Importer(815301076,1909f56bfc062723c751e8b465ee728b)
Start importing Assets/_External/Obi/Samples/RopeAndRod/SampleResources/Prefabs using Guid(6d65e63468c2542c684d7e441b40f6c8) Importer(815301076,1909f56bfc062723c751e8b465ee728b)  -> (artifact id: '64f5ef7930a18b82e55582d6966bb282') in 0.005501 seconds 
  Import took 0.008052 seconds .

========================================================================
Received Import Request.
  Time since last request: 1.653544 seconds.
  path: Assets/_External/Obi/Samples/RopeAndRod/SampleResources/Prefabs/SnakeBamboo.asset
  artifactKey: Guid(4c46db05afff546f8a9f9333946e9882) Importer(815301076,1909f56bfc062723c751e8b465ee728b)
Start importing Assets/_External/Obi/Samples/RopeAndRod/SampleResources/Prefabs/SnakeBamboo.asset using Guid(4c46db05afff546f8a9f9333946e9882) Importer(815301076,1909f56bfc062723c751e8b465ee728b)  -> (artifact id: 'fb92cfd500e7bb0d361f9cb92a427948') in 0.022747 seconds 
  Import took 0.025372 seconds .

========================================================================
Received Import Request.
  Time since last request: 8.098086 seconds.
  path: Assets/_External/Obi/Samples/RopeAndRod/Chains.unity
  artifactKey: Guid(de781a1f903154a98a617b786d36a330) Importer(815301076,1909f56bfc062723c751e8b465ee728b)
Start importing Assets/_External/Obi/Samples/RopeAndRod/Chains.unity using Guid(de781a1f903154a98a617b786d36a330) Importer(815301076,1909f56bfc062723c751e8b465ee728b)  -> (artifact id: '155834e357850a3de05ab792683c55ff') in 0.011137 seconds 
  Import took 0.013714 seconds .

========================================================================
Received Prepare
Registering precompiled user dll's ...
Registered in 0.002652 seconds.
Begin MonoManager ReloadAssembly
Native extension for WindowsStandalone target not found
Refreshing native plugins compatible for Editor in 0.45 ms, found 3 plugins.
Preloading 0 native plugins for Editor in 0.00 ms.
[ScriptCompilation] NOT recompiling all scripts because this is an import worker process. Reason to compile was: Define symbols changed
Mono: successfully reloaded assembly
- Completed reload, in  0.840 seconds
Domain Reload Profiling:
	ReloadAssembly (840ms)
		BeginReloadAssembly (96ms)
			ExecutionOrderSort (0ms)
			DisableScriptedObjects (4ms)
			BackupInstance (0ms)
			ReleaseScriptingObjects (0ms)
			CreateAndSetChildDomain (29ms)
		EndReloadAssembly (694ms)
			LoadAssemblies (74ms)
			RebuildTransferFunctionScriptingTraits (0ms)
			SetupTypeCache (234ms)
			ReleaseScriptCaches (1ms)
			RebuildScriptCaches (39ms)
			SetupLoadedEditorAssemblies (260ms)
				LogAssemblyErrors (0ms)
				InitializePlatformSupportModulesInManaged (5ms)
				SetLoadedEditorAssemblies (0ms)
				RefreshPlugins (1ms)
				BeforeProcessingInitializeOnLoad (64ms)
				ProcessInitializeOnLoadAttributes (183ms)
				ProcessInitializeOnLoadMethodAttributes (4ms)
				AfterProcessingInitializeOnLoad (2ms)
				EditorAssembliesLoaded (0ms)
			ExecutionOrderSort2 (0ms)
			AwakeInstancesAfterBackupRestoration (7ms)
Platform modules already initialized, skipping
Refreshing native plugins compatible for Editor in 0.50 ms, found 3 plugins.
Preloading 0 native plugins for Editor in 0.00 ms.
Unloading 1836 Unused Serialized files (Serialized files now loaded: 0)
System memory in use before: 79.5 MB.
System memory in use after: 78.4 MB.

Unloading 36 unused Assets to reduce memory usage. Loaded Objects now: 2259.
Total: 3.451500 ms (FindLiveObjects: 0.171900 ms CreateObjectMapping: 0.052700 ms MarkObjects: 2.536800 ms  DeleteObjects: 0.689100 ms)

AssetImportParameters requested are different than current active one (requested -> active):
  custom:framework-win-MediaFoundation: 216162199b28c13a410421893ffa2e32 -> 
  custom:video-decoder-ogg-theora: a1e56fd34408186e4bbccfd4996cb3dc -> 
  custom:container-muxer-webm: aa71ff27fc2769a1b78a27578f13a17b -> 
  custom:container-demuxer-webm: 4f35f7cbe854078d1ac9338744f61a02 -> 
  custom:container-demuxer-ogg: 62fdf1f143b41e24485cea50d1cbac27 -> 
  custom:video-encoder-webm-vp8: eb34c28f22e8b96e1ab97ce403110664 -> 
  custom:video-decoder-webm-vp8: 9c59270c3fd7afecdb556c50c9e8de78 -> 
  custom:audio-decoder-ogg-vorbis: bf7c407c2cedff20999df2af8eb42d56 -> 
  custom:audio-encoder-webm-vorbis: bf7c407c2cedff20999df2af8eb42d56 -> 
========================================================================
Received Import Request.
  Time since last request: 48.816778 seconds.
  path: Assets/_External/Obi/Samples/RopeAndRod/Rocker.unity
  artifactKey: Guid(9c8d31b0b36434fd199dc8bf5919ba85) Importer(815301076,1909f56bfc062723c751e8b465ee728b)
Start importing Assets/_External/Obi/Samples/RopeAndRod/Rocker.unity using Guid(9c8d31b0b36434fd199dc8bf5919ba85) Importer(815301076,1909f56bfc062723c751e8b465ee728b)  -> (artifact id: '347c255bd5e9335ce2a5a331d93ca3fb') in 0.013690 seconds 
  Import took 0.016294 seconds .

========================================================================
Received Prepare
Registering precompiled user dll's ...
Registered in 0.002616 seconds.
Begin MonoManager ReloadAssembly
Native extension for WindowsStandalone target not found
Refreshing native plugins compatible for Editor in 0.46 ms, found 3 plugins.
Preloading 0 native plugins for Editor in 0.00 ms.
[ScriptCompilation] NOT recompiling all scripts because this is an import worker process. Reason to compile was: Define symbols changed
Mono: successfully reloaded assembly
- Completed reload, in  0.850 seconds
Domain Reload Profiling:
	ReloadAssembly (850ms)
		BeginReloadAssembly (104ms)
			ExecutionOrderSort (0ms)
			DisableScriptedObjects (4ms)
			BackupInstance (0ms)
			ReleaseScriptingObjects (0ms)
			CreateAndSetChildDomain (28ms)
		EndReloadAssembly (695ms)
			LoadAssemblies (74ms)
			RebuildTransferFunctionScriptingTraits (0ms)
			SetupTypeCache (233ms)
			ReleaseScriptCaches (1ms)
			RebuildScriptCaches (39ms)
			SetupLoadedEditorAssemblies (261ms)
				LogAssemblyErrors (0ms)
				InitializePlatformSupportModulesInManaged (5ms)
				SetLoadedEditorAssemblies (0ms)
				RefreshPlugins (1ms)
				BeforeProcessingInitializeOnLoad (65ms)
				ProcessInitializeOnLoadAttributes (184ms)
				ProcessInitializeOnLoadMethodAttributes (4ms)
				AfterProcessingInitializeOnLoad (2ms)
				EditorAssembliesLoaded (0ms)
			ExecutionOrderSort2 (0ms)
			AwakeInstancesAfterBackupRestoration (6ms)
Platform modules already initialized, skipping
Refreshing native plugins compatible for Editor in 0.46 ms, found 3 plugins.
Preloading 0 native plugins for Editor in 0.00 ms.
Unloading 1836 Unused Serialized files (Serialized files now loaded: 0)
System memory in use before: 79.5 MB.
System memory in use after: 78.5 MB.

Unloading 36 unused Assets to reduce memory usage. Loaded Objects now: 2261.
Total: 3.473000 ms (FindLiveObjects: 0.167200 ms CreateObjectMapping: 0.052300 ms MarkObjects: 2.551700 ms  DeleteObjects: 0.700900 ms)

AssetImportParameters requested are different than current active one (requested -> active):
  custom:framework-win-MediaFoundation: 216162199b28c13a410421893ffa2e32 -> 
  custom:video-decoder-ogg-theora: a1e56fd34408186e4bbccfd4996cb3dc -> 
  custom:container-muxer-webm: aa71ff27fc2769a1b78a27578f13a17b -> 
  custom:container-demuxer-webm: 4f35f7cbe854078d1ac9338744f61a02 -> 
  custom:container-demuxer-ogg: 62fdf1f143b41e24485cea50d1cbac27 -> 
  custom:video-encoder-webm-vp8: eb34c28f22e8b96e1ab97ce403110664 -> 
  custom:video-decoder-webm-vp8: 9c59270c3fd7afecdb556c50c9e8de78 -> 
  custom:audio-decoder-ogg-vorbis: bf7c407c2cedff20999df2af8eb42d56 -> 
  custom:audio-encoder-webm-vorbis: bf7c407c2cedff20999df2af8eb42d56 -> 
========================================================================
Received Import Request.
  Time since last request: 30.490904 seconds.
  path: Assets/_External/Obi/Samples/RopeAndRod/RopeAndJoints.unity
  artifactKey: Guid(c93058d886f2945439a9c39e808506c2) Importer(815301076,1909f56bfc062723c751e8b465ee728b)
Start importing Assets/_External/Obi/Samples/RopeAndRod/RopeAndJoints.unity using Guid(c93058d886f2945439a9c39e808506c2) Importer(815301076,1909f56bfc062723c751e8b465ee728b)  -> (artifact id: '90235818631a4c5b7a0e045012ce977c') in 0.015361 seconds 
  Import took 0.017944 seconds .

========================================================================
Received Import Request.
  Time since last request: 0.708251 seconds.
  path: Assets/_External/Obi/Samples/RopeAndRod/RopeCutting.unity
  artifactKey: Guid(14b5ad4d00c9f4b118c479057ad1a580) Importer(815301076,1909f56bfc062723c751e8b465ee728b)
Start importing Assets/_External/Obi/Samples/RopeAndRod/RopeCutting.unity using Guid(14b5ad4d00c9f4b118c479057ad1a580) Importer(815301076,1909f56bfc062723c751e8b465ee728b)  -> (artifact id: '8aa70c0f5be07aa9f47918220bd653d6') in 0.006010 seconds 
  Import took 0.009000 seconds .

========================================================================
Received Prepare
Registering precompiled user dll's ...
Registered in 0.002504 seconds.
Begin MonoManager ReloadAssembly
Native extension for WindowsStandalone target not found
Refreshing native plugins compatible for Editor in 0.45 ms, found 3 plugins.
Preloading 0 native plugins for Editor in 0.00 ms.
[ScriptCompilation] NOT recompiling all scripts because this is an import worker process. Reason to compile was: Define symbols changed
Mono: successfully reloaded assembly
- Completed reload, in  0.857 seconds
Domain Reload Profiling:
	ReloadAssembly (857ms)
		BeginReloadAssembly (98ms)
			ExecutionOrderSort (0ms)
			DisableScriptedObjects (4ms)
			BackupInstance (0ms)
			ReleaseScriptingObjects (0ms)
			CreateAndSetChildDomain (28ms)
		EndReloadAssembly (708ms)
			LoadAssemblies (74ms)
			RebuildTransferFunctionScriptingTraits (0ms)
			SetupTypeCache (246ms)
			ReleaseScriptCaches (1ms)
			RebuildScriptCaches (40ms)
			SetupLoadedEditorAssemblies (259ms)
				LogAssemblyErrors (0ms)
				InitializePlatformSupportModulesInManaged (5ms)
				SetLoadedEditorAssemblies (0ms)
				RefreshPlugins (0ms)
				BeforeProcessingInitializeOnLoad (64ms)
				ProcessInitializeOnLoadAttributes (183ms)
				ProcessInitializeOnLoadMethodAttributes (4ms)
				AfterProcessingInitializeOnLoad (2ms)
				EditorAssembliesLoaded (0ms)
			ExecutionOrderSort2 (0ms)
			AwakeInstancesAfterBackupRestoration (7ms)
Platform modules already initialized, skipping
Refreshing native plugins compatible for Editor in 0.46 ms, found 3 plugins.
Preloading 0 native plugins for Editor in 0.00 ms.
Unloading 1836 Unused Serialized files (Serialized files now loaded: 0)
System memory in use before: 79.5 MB.
System memory in use after: 78.5 MB.

Unloading 36 unused Assets to reduce memory usage. Loaded Objects now: 2263.
Total: 3.396800 ms (FindLiveObjects: 0.176300 ms CreateObjectMapping: 0.063400 ms MarkObjects: 2.422300 ms  DeleteObjects: 0.733500 ms)

AssetImportParameters requested are different than current active one (requested -> active):
  custom:framework-win-MediaFoundation: 216162199b28c13a410421893ffa2e32 -> 
  custom:video-decoder-ogg-theora: a1e56fd34408186e4bbccfd4996cb3dc -> 
  custom:container-muxer-webm: aa71ff27fc2769a1b78a27578f13a17b -> 
  custom:container-demuxer-webm: 4f35f7cbe854078d1ac9338744f61a02 -> 
  custom:container-demuxer-ogg: 62fdf1f143b41e24485cea50d1cbac27 -> 
  custom:video-encoder-webm-vp8: eb34c28f22e8b96e1ab97ce403110664 -> 
  custom:video-decoder-webm-vp8: 9c59270c3fd7afecdb556c50c9e8de78 -> 
  custom:audio-decoder-ogg-vorbis: bf7c407c2cedff20999df2af8eb42d56 -> 
  custom:audio-encoder-webm-vorbis: bf7c407c2cedff20999df2af8eb42d56 -> 
========================================================================
Received Import Request.
  Time since last request: 30.123834 seconds.
  path: Assets/_External/Obi/Samples/RopeAndRod/RopeGrapplingHook.unity
  artifactKey: Guid(f403f5793cdb042dc8552ea3329b7bfa) Importer(815301076,1909f56bfc062723c751e8b465ee728b)
Start importing Assets/_External/Obi/Samples/RopeAndRod/RopeGrapplingHook.unity using Guid(f403f5793cdb042dc8552ea3329b7bfa) Importer(815301076,1909f56bfc062723c751e8b465ee728b)  -> (artifact id: '02127bee26a9d464bab8ee00a51185e0') in 0.014934 seconds 
  Import took 0.017337 seconds .

========================================================================
Received Import Request.
  Time since last request: 3.254144 seconds.
  path: Assets/_External/Obi/Samples/RopeAndRod/RopeNet.unity
  artifactKey: Guid(68709b54f964a4ab8bc457f533eeeb91) Importer(815301076,1909f56bfc062723c751e8b465ee728b)
Start importing Assets/_External/Obi/Samples/RopeAndRod/RopeNet.unity using Guid(68709b54f964a4ab8bc457f533eeeb91) Importer(815301076,1909f56bfc062723c751e8b465ee728b)  -> (artifact id: 'a9b5431ec70490024f8c5637260dd57c') in 0.005760 seconds 
  Import took 0.008265 seconds .

========================================================================
Received Prepare
Registering precompiled user dll's ...
Registered in 0.002440 seconds.
Begin MonoManager ReloadAssembly
Native extension for WindowsStandalone target not found
Refreshing native plugins compatible for Editor in 0.47 ms, found 3 plugins.
Preloading 0 native plugins for Editor in 0.00 ms.
[ScriptCompilation] NOT recompiling all scripts because this is an import worker process. Reason to compile was: Define symbols changed
Mono: successfully reloaded assembly
- Completed reload, in  0.851 seconds
Domain Reload Profiling:
	ReloadAssembly (852ms)
		BeginReloadAssembly (103ms)
			ExecutionOrderSort (0ms)
			DisableScriptedObjects (4ms)
			BackupInstance (0ms)
			ReleaseScriptingObjects (0ms)
			CreateAndSetChildDomain (29ms)
		EndReloadAssembly (698ms)
			LoadAssemblies (73ms)
			RebuildTransferFunctionScriptingTraits (0ms)
			SetupTypeCache (236ms)
			ReleaseScriptCaches (1ms)
			RebuildScriptCaches (40ms)
			SetupLoadedEditorAssemblies (262ms)
				LogAssemblyErrors (0ms)
				InitializePlatformSupportModulesInManaged (5ms)
				SetLoadedEditorAssemblies (0ms)
				RefreshPlugins (1ms)
				BeforeProcessingInitializeOnLoad (67ms)
				ProcessInitializeOnLoadAttributes (184ms)
				ProcessInitializeOnLoadMethodAttributes (4ms)
				AfterProcessingInitializeOnLoad (2ms)
				EditorAssembliesLoaded (0ms)
			ExecutionOrderSort2 (0ms)
			AwakeInstancesAfterBackupRestoration (6ms)
Platform modules already initialized, skipping
Refreshing native plugins compatible for Editor in 0.46 ms, found 3 plugins.
Preloading 0 native plugins for Editor in 0.00 ms.
Unloading 1836 Unused Serialized files (Serialized files now loaded: 0)
System memory in use before: 79.5 MB.
System memory in use after: 78.5 MB.

Unloading 36 unused Assets to reduce memory usage. Loaded Objects now: 2265.
Total: 3.396600 ms (FindLiveObjects: 0.182900 ms CreateObjectMapping: 0.062100 ms MarkObjects: 2.408900 ms  DeleteObjects: 0.741800 ms)

AssetImportParameters requested are different than current active one (requested -> active):
  custom:framework-win-MediaFoundation: 216162199b28c13a410421893ffa2e32 -> 
  custom:video-decoder-ogg-theora: a1e56fd34408186e4bbccfd4996cb3dc -> 
  custom:container-muxer-webm: aa71ff27fc2769a1b78a27578f13a17b -> 
  custom:container-demuxer-webm: 4f35f7cbe854078d1ac9338744f61a02 -> 
  custom:container-demuxer-ogg: 62fdf1f143b41e24485cea50d1cbac27 -> 
  custom:video-encoder-webm-vp8: eb34c28f22e8b96e1ab97ce403110664 -> 
  custom:video-decoder-webm-vp8: 9c59270c3fd7afecdb556c50c9e8de78 -> 
  custom:audio-decoder-ogg-vorbis: bf7c407c2cedff20999df2af8eb42d56 -> 
  custom:audio-encoder-webm-vorbis: bf7c407c2cedff20999df2af8eb42d56 -> 
========================================================================
Received Import Request.
  Time since last request: 12.457915 seconds.
  path: Assets/_External/Obi/Samples/RopeAndRod/RopeShowcase.unity
  artifactKey: Guid(89e5ccc1fe8f948e195777194be0d7ee) Importer(815301076,1909f56bfc062723c751e8b465ee728b)
Start importing Assets/_External/Obi/Samples/RopeAndRod/RopeShowcase.unity using Guid(89e5ccc1fe8f948e195777194be0d7ee) Importer(815301076,1909f56bfc062723c751e8b465ee728b)  -> (artifact id: 'eed5f24fb4b5e28fe9e20ef016cd76c1') in 0.015226 seconds 
  Import took 0.017791 seconds .

========================================================================
Received Prepare
Registering precompiled user dll's ...
Registered in 0.002519 seconds.
Begin MonoManager ReloadAssembly
Native extension for WindowsStandalone target not found
Refreshing native plugins compatible for Editor in 0.46 ms, found 3 plugins.
Preloading 0 native plugins for Editor in 0.00 ms.
[ScriptCompilation] NOT recompiling all scripts because this is an import worker process. Reason to compile was: Define symbols changed
Mono: successfully reloaded assembly
- Completed reload, in  0.855 seconds
Domain Reload Profiling:
	ReloadAssembly (855ms)
		BeginReloadAssembly (104ms)
			ExecutionOrderSort (0ms)
			DisableScriptedObjects (4ms)
			BackupInstance (0ms)
			ReleaseScriptingObjects (0ms)
			CreateAndSetChildDomain (28ms)
		EndReloadAssembly (701ms)
			LoadAssemblies (75ms)
			RebuildTransferFunctionScriptingTraits (0ms)
			SetupTypeCache (229ms)
			ReleaseScriptCaches (1ms)
			RebuildScriptCaches (39ms)
			SetupLoadedEditorAssemblies (264ms)
				LogAssemblyErrors (0ms)
				InitializePlatformSupportModulesInManaged (5ms)
				SetLoadedEditorAssemblies (0ms)
				RefreshPlugins (1ms)
				BeforeProcessingInitializeOnLoad (66ms)
				ProcessInitializeOnLoadAttributes (187ms)
				ProcessInitializeOnLoadMethodAttributes (4ms)
				AfterProcessingInitializeOnLoad (2ms)
				EditorAssembliesLoaded (0ms)
			ExecutionOrderSort2 (0ms)
			AwakeInstancesAfterBackupRestoration (6ms)
Platform modules already initialized, skipping
Refreshing native plugins compatible for Editor in 0.46 ms, found 3 plugins.
Preloading 0 native plugins for Editor in 0.00 ms.
Unloading 1836 Unused Serialized files (Serialized files now loaded: 0)
System memory in use before: 79.6 MB.
System memory in use after: 78.5 MB.

Unloading 36 unused Assets to reduce memory usage. Loaded Objects now: 2267.
Total: 3.303200 ms (FindLiveObjects: 0.201600 ms CreateObjectMapping: 0.080800 ms MarkObjects: 2.297900 ms  DeleteObjects: 0.721600 ms)

AssetImportParameters requested are different than current active one (requested -> active):
  custom:framework-win-MediaFoundation: 216162199b28c13a410421893ffa2e32 -> 
  custom:video-decoder-ogg-theora: a1e56fd34408186e4bbccfd4996cb3dc -> 
  custom:container-muxer-webm: aa71ff27fc2769a1b78a27578f13a17b -> 
  custom:container-demuxer-webm: 4f35f7cbe854078d1ac9338744f61a02 -> 
  custom:container-demuxer-ogg: 62fdf1f143b41e24485cea50d1cbac27 -> 
  custom:video-encoder-webm-vp8: eb34c28f22e8b96e1ab97ce403110664 -> 
  custom:video-decoder-webm-vp8: 9c59270c3fd7afecdb556c50c9e8de78 -> 
  custom:audio-decoder-ogg-vorbis: bf7c407c2cedff20999df2af8eb42d56 -> 
  custom:audio-encoder-webm-vorbis: bf7c407c2cedff20999df2af8eb42d56 -> 
========================================================================
Received Import Request.
  Time since last request: 42.734228 seconds.
  path: Assets/_External/Obi/Samples/RopeAndRod/Snake.unity
  artifactKey: Guid(20d1d83e4d4bd45e09d7f7c50d3b48bd) Importer(815301076,1909f56bfc062723c751e8b465ee728b)
Start importing Assets/_External/Obi/Samples/RopeAndRod/Snake.unity using Guid(20d1d83e4d4bd45e09d7f7c50d3b48bd) Importer(815301076,1909f56bfc062723c751e8b465ee728b)  -> (artifact id: '369c2b26c37085c87309bd85de85e366') in 0.014329 seconds 
  Import took 0.016735 seconds .

========================================================================
Received Prepare
Registering precompiled user dll's ...
Registered in 0.002606 seconds.
Begin MonoManager ReloadAssembly
Native extension for WindowsStandalone target not found
Refreshing native plugins compatible for Editor in 0.47 ms, found 3 plugins.
Preloading 0 native plugins for Editor in 0.00 ms.
[ScriptCompilation] NOT recompiling all scripts because this is an import worker process. Reason to compile was: Define symbols changed
Mono: successfully reloaded assembly
- Completed reload, in  0.893 seconds
Domain Reload Profiling:
	ReloadAssembly (894ms)
		BeginReloadAssembly (97ms)
			ExecutionOrderSort (0ms)
			DisableScriptedObjects (5ms)
			BackupInstance (0ms)
			ReleaseScriptingObjects (0ms)
			CreateAndSetChildDomain (29ms)
		EndReloadAssembly (746ms)
			LoadAssemblies (77ms)
			RebuildTransferFunctionScriptingTraits (0ms)
			SetupTypeCache (254ms)
			ReleaseScriptCaches (1ms)
			RebuildScriptCaches (41ms)
			SetupLoadedEditorAssemblies (281ms)
				LogAssemblyErrors (0ms)
				InitializePlatformSupportModulesInManaged (5ms)
				SetLoadedEditorAssemblies (0ms)
				RefreshPlugins (1ms)
				BeforeProcessingInitializeOnLoad (68ms)
				ProcessInitializeOnLoadAttributes (201ms)
				ProcessInitializeOnLoadMethodAttributes (4ms)
				AfterProcessingInitializeOnLoad (2ms)
				EditorAssembliesLoaded (0ms)
			ExecutionOrderSort2 (0ms)
			AwakeInstancesAfterBackupRestoration (7ms)
Platform modules already initialized, skipping
Refreshing native plugins compatible for Editor in 0.48 ms, found 3 plugins.
Preloading 0 native plugins for Editor in 0.00 ms.
Unloading 1836 Unused Serialized files (Serialized files now loaded: 0)
System memory in use before: 79.6 MB.
System memory in use after: 78.5 MB.

Unloading 36 unused Assets to reduce memory usage. Loaded Objects now: 2269.
Total: 3.423500 ms (FindLiveObjects: 0.200700 ms CreateObjectMapping: 0.078800 ms MarkObjects: 2.414900 ms  DeleteObjects: 0.727900 ms)

AssetImportParameters requested are different than current active one (requested -> active):
  custom:framework-win-MediaFoundation: 216162199b28c13a410421893ffa2e32 -> 
  custom:video-decoder-ogg-theora: a1e56fd34408186e4bbccfd4996cb3dc -> 
  custom:container-muxer-webm: aa71ff27fc2769a1b78a27578f13a17b -> 
  custom:container-demuxer-webm: 4f35f7cbe854078d1ac9338744f61a02 -> 
  custom:container-demuxer-ogg: 62fdf1f143b41e24485cea50d1cbac27 -> 
  custom:video-encoder-webm-vp8: eb34c28f22e8b96e1ab97ce403110664 -> 
  custom:video-decoder-webm-vp8: 9c59270c3fd7afecdb556c50c9e8de78 -> 
  custom:audio-decoder-ogg-vorbis: bf7c407c2cedff20999df2af8eb42d56 -> 
  custom:audio-encoder-webm-vorbis: bf7c407c2cedff20999df2af8eb42d56 -> 
========================================================================
Received Import Request.
  Time since last request: 140.340021 seconds.
  path: Assets/Scenes
  artifactKey: Guid(dae71e34d23abcf478ce6563098188ba) Importer(815301076,1909f56bfc062723c751e8b465ee728b)
Start importing Assets/Scenes using Guid(dae71e34d23abcf478ce6563098188ba) Importer(815301076,1909f56bfc062723c751e8b465ee728b)  -> (artifact id: 'f039936d5ffffc4d3ee9985310efee5c') in 0.008305 seconds 
  Import took 0.010877 seconds .

========================================================================
Received Import Request.
  Time since last request: 78.936728 seconds.
  path: Assets/_External/Obi/Samples/RopeAndRod/SpringRod.unity
  artifactKey: Guid(8fafd98b75e9b44ee8b37edf6f1adcd5) Importer(815301076,1909f56bfc062723c751e8b465ee728b)
Start importing Assets/_External/Obi/Samples/RopeAndRod/SpringRod.unity using Guid(8fafd98b75e9b44ee8b37edf6f1adcd5) Importer(815301076,1909f56bfc062723c751e8b465ee728b)  -> (artifact id: 'bacd30482feb1335644cee7ca15d3d46') in 0.012589 seconds 
  Import took 0.015290 seconds .

========================================================================
Received Import Request.
  Time since last request: 13.348462 seconds.
  path: Assets/_External/Obi/Samples/RopeAndRod/WrapTheRope.unity
  artifactKey: Guid(fc2b8ae2ba09f45b7be65218f74cd121) Importer(815301076,1909f56bfc062723c751e8b465ee728b)
Start importing Assets/_External/Obi/Samples/RopeAndRod/WrapTheRope.unity using Guid(fc2b8ae2ba09f45b7be65218f74cd121) Importer(815301076,1909f56bfc062723c751e8b465ee728b)  -> (artifact id: 'ce71365e7efb01537eb446665e212d49') in 0.006084 seconds 
  Import took 0.008666 seconds .

========================================================================
Received Import Request.
  Time since last request: 70.309920 seconds.
  path: Assets/_External/Obi/Samples/RopeAndRod/Crane.unity
  artifactKey: Guid(440a0ad01189148c4a077885d818dce1) Importer(815301076,1909f56bfc062723c751e8b465ee728b)
Start importing Assets/_External/Obi/Samples/RopeAndRod/Crane.unity using Guid(440a0ad01189148c4a077885d818dce1) Importer(815301076,1909f56bfc062723c751e8b465ee728b)  -> (artifact id: '9ed7a4cb907420a60f782323b55f8a81') in 0.006073 seconds 
  Import took 0.008720 seconds .

========================================================================
Received Prepare
Registering precompiled user dll's ...
Registered in 0.002591 seconds.
Begin MonoManager ReloadAssembly
Native extension for WindowsStandalone target not found
Refreshing native plugins compatible for Editor in 0.48 ms, found 3 plugins.
Preloading 0 native plugins for Editor in 0.00 ms.
[ScriptCompilation] NOT recompiling all scripts because this is an import worker process. Reason to compile was: Define symbols changed
Mono: successfully reloaded assembly
- Completed reload, in  0.894 seconds
Domain Reload Profiling:
	ReloadAssembly (894ms)
		BeginReloadAssembly (108ms)
			ExecutionOrderSort (0ms)
			DisableScriptedObjects (5ms)
			BackupInstance (0ms)
			ReleaseScriptingObjects (0ms)
			CreateAndSetChildDomain (30ms)
		EndReloadAssembly (733ms)
			LoadAssemblies (80ms)
			RebuildTransferFunctionScriptingTraits (0ms)
			SetupTypeCache (244ms)
			ReleaseScriptCaches (1ms)
			RebuildScriptCaches (42ms)
			SetupLoadedEditorAssemblies (275ms)
				LogAssemblyErrors (0ms)
				InitializePlatformSupportModulesInManaged (5ms)
				SetLoadedEditorAssemblies (1ms)
				RefreshPlugins (1ms)
				BeforeProcessingInitializeOnLoad (68ms)
				ProcessInitializeOnLoadAttributes (194ms)
				ProcessInitializeOnLoadMethodAttributes (4ms)
				AfterProcessingInitializeOnLoad (2ms)
				EditorAssembliesLoaded (0ms)
			ExecutionOrderSort2 (0ms)
			AwakeInstancesAfterBackupRestoration (6ms)
Platform modules already initialized, skipping
Refreshing native plugins compatible for Editor in 0.45 ms, found 3 plugins.
Preloading 0 native plugins for Editor in 0.00 ms.
Unloading 1836 Unused Serialized files (Serialized files now loaded: 0)
System memory in use before: 79.6 MB.
System memory in use after: 78.6 MB.

Unloading 36 unused Assets to reduce memory usage. Loaded Objects now: 2271.
Total: 3.460800 ms (FindLiveObjects: 0.168500 ms CreateObjectMapping: 0.053600 ms MarkObjects: 2.500700 ms  DeleteObjects: 0.737100 ms)

AssetImportParameters requested are different than current active one (requested -> active):
  custom:framework-win-MediaFoundation: 216162199b28c13a410421893ffa2e32 -> 
  custom:video-decoder-ogg-theora: a1e56fd34408186e4bbccfd4996cb3dc -> 
  custom:container-muxer-webm: aa71ff27fc2769a1b78a27578f13a17b -> 
  custom:container-demuxer-webm: 4f35f7cbe854078d1ac9338744f61a02 -> 
  custom:container-demuxer-ogg: 62fdf1f143b41e24485cea50d1cbac27 -> 
  custom:video-encoder-webm-vp8: eb34c28f22e8b96e1ab97ce403110664 -> 
  custom:video-decoder-webm-vp8: 9c59270c3fd7afecdb556c50c9e8de78 -> 
  custom:audio-decoder-ogg-vorbis: bf7c407c2cedff20999df2af8eb42d56 -> 
  custom:audio-encoder-webm-vorbis: bf7c407c2cedff20999df2af8eb42d56 -> 
========================================================================
Received Prepare
Registering precompiled user dll's ...
Registered in 0.004339 seconds.
Begin MonoManager ReloadAssembly
Native extension for WindowsStandalone target not found
Refreshing native plugins compatible for Editor in 0.45 ms, found 3 plugins.
Preloading 0 native plugins for Editor in 0.00 ms.
Mono: successfully reloaded assembly
- Completed reload, in  0.838 seconds
Domain Reload Profiling:
	ReloadAssembly (839ms)
		BeginReloadAssembly (92ms)
			ExecutionOrderSort (0ms)
			DisableScriptedObjects (4ms)
			BackupInstance (0ms)
			ReleaseScriptingObjects (0ms)
			CreateAndSetChildDomain (28ms)
		EndReloadAssembly (697ms)
			LoadAssemblies (73ms)
			RebuildTransferFunctionScriptingTraits (0ms)
			SetupTypeCache (229ms)
			ReleaseScriptCaches (1ms)
			RebuildScriptCaches (46ms)
			SetupLoadedEditorAssemblies (260ms)
				LogAssemblyErrors (0ms)
				InitializePlatformSupportModulesInManaged (5ms)
				SetLoadedEditorAssemblies (0ms)
				RefreshPlugins (1ms)
				BeforeProcessingInitializeOnLoad (64ms)
				ProcessInitializeOnLoadAttributes (184ms)
				ProcessInitializeOnLoadMethodAttributes (4ms)
				AfterProcessingInitializeOnLoad (2ms)
				EditorAssembliesLoaded (0ms)
			ExecutionOrderSort2 (0ms)
			AwakeInstancesAfterBackupRestoration (6ms)
Platform modules already initialized, skipping
Refreshing native plugins compatible for Editor in 0.46 ms, found 3 plugins.
Preloading 0 native plugins for Editor in 0.00 ms.
Unloading 1836 Unused Serialized files (Serialized files now loaded: 0)
System memory in use before: 79.6 MB.
System memory in use after: 78.6 MB.

Unloading 36 unused Assets to reduce memory usage. Loaded Objects now: 2273.
Total: 3.634500 ms (FindLiveObjects: 0.180800 ms CreateObjectMapping: 0.060200 ms MarkObjects: 2.629800 ms  DeleteObjects: 0.762200 ms)

AssetImportParameters requested are different than current active one (requested -> active):
  custom:framework-win-MediaFoundation: 216162199b28c13a410421893ffa2e32 -> 
  custom:video-decoder-ogg-theora: a1e56fd34408186e4bbccfd4996cb3dc -> 
  custom:container-muxer-webm: aa71ff27fc2769a1b78a27578f13a17b -> 
  custom:container-demuxer-webm: 4f35f7cbe854078d1ac9338744f61a02 -> 
  custom:container-demuxer-ogg: 62fdf1f143b41e24485cea50d1cbac27 -> 
  custom:video-encoder-webm-vp8: eb34c28f22e8b96e1ab97ce403110664 -> 
  custom:video-decoder-webm-vp8: 9c59270c3fd7afecdb556c50c9e8de78 -> 
  custom:audio-decoder-ogg-vorbis: bf7c407c2cedff20999df2af8eb42d56 -> 
  custom:audio-encoder-webm-vorbis: bf7c407c2cedff20999df2af8eb42d56 -> 
AssetImportWorkerClient::OnTransportError - code=2 error=End of file
